- Nikto v2.1.6
---------------------------------------------------------------------------
+ Target IP:          172.28.128.44
+ Target Hostname:    172.28.128.44
+ Target Port:        80
+ Target Path:        /phpmyadmin
+ Start Time:         2021-03-06 11:34:01 (GMT1)
---------------------------------------------------------------------------
+ Server: Apache/2.2.8 (Ubuntu) PHP/5.2.4-2ubuntu5.6 with Suhosin-Patch
+ Retrieved x-powered-by header: PHP/5.2.4-2ubuntu5.6
+ The anti-clickjacking X-Frame-Options header is not present.
+ The X-XSS-Protection header is not defined. This header can hint to the user agent to protect against some forms of XSS
+ The X-Content-Type-Options header is not set. This could allow the user agent to render the content of the site in a different fashion to the MIME type
+ OSVDB-3268: /phpmyadmin/scripts/: Directory indexing found.
+ Server may leak inodes via ETags, header found with file /phpmyadmin/favicon.ico, inode: 90956, size: 18902, mtime: Sat Dec  8 13:47:13 2007
+ OSVDB-39272: /phpmyadmin/favicon.ico file identifies this app/server as: phpmyadmin (2.11.8.1)
+ Apache/2.2.8 appears to be outdated (current is at least Apache/2.4.37). Apache 2.2.34 is the EOL for the 2.x branch.
+ PHP/5.2.4-2ubuntu5.6 appears to be outdated (current is at least 7.2.12). PHP 5.6.33, 7.0.27, 7.1.13, 7.2.1 may also current release for each branch.
+ Allowed HTTP Methods: GET, HEAD, POST, OPTIONS, TRACE 
+ Web Server returns a valid response with junk HTTP methods, this may cause false positives.
+ DEBUG HTTP verb may show server debugging information. See http://msdn.microsoft.com/en-us/library/e8z01xdh%28VS.80%29.aspx for details.
+ OSVDB-877: HTTP TRACE method is active, suggesting the host is vulnerable to XST
+ OSVDB-12184: /phpmyadmin/?=PHPB8B5F2A0-3C92-11d3-A3A9-4C7B08C10000: PHP reveals potentially sensitive information via certain HTTP requests that contain specific QUERY strings.
+ OSVDB-12184: /phpmyadmin/?=PHPE9568F36-D428-11d2-A769-00AA001ACF42: PHP reveals potentially sensitive information via certain HTTP requests that contain specific QUERY strings.
+ OSVDB-12184: /phpmyadmin/?=PHPE9568F34-D428-11d2-A769-00AA001ACF42: PHP reveals potentially sensitive information via certain HTTP requests that contain specific QUERY strings.
+ OSVDB-12184: /phpmyadmin/?=PHPE9568F35-D428-11d2-A769-00AA001ACF42: PHP reveals potentially sensitive information via certain HTTP requests that contain specific QUERY strings.
+ 8726 requests: 0 error(s) and 17 item(s) reported on remote host
+ End Time:           2021-03-06 11:34:27 (GMT1) (26 seconds)
---------------------------------------------------------------------------
+ 1 host(s) tested
